C:\Program Files (x86)\Microsoft Visual Studio\2019\Community\MSBuild\Microsoft\VC\v160\Microsoft.CppBuild.targets(519,5): warning MSB8028: Katalog pośredni (Debug\) zawiera pliki udostępnione z innego projektu (TestSMCA.vcxproj). Może to spowodować niepoprawne zachowanie podczas oczyszczania i ponownej kompilacji.
  app.cpp
C:\Users\Filip\Documents\Praca\SmartHomeControl\SMCA\app.cpp(158,21): warning C4244: "argument": konwersja z "float" do "int", możliwa utrata danych
C:\Users\Filip\Documents\Praca\SmartHomeControl\SMCA\app.cpp(159,21): warning C4244: "argument": konwersja z "float" do "int", możliwa utrata danych
C:\Users\Filip\Documents\Praca\SmartHomeControl\SMCA\app.cpp(281,31): warning C4244: "=": konwersja z "float" do "int", możliwa utrata danych
C:\Users\Filip\Documents\Praca\SmartHomeControl\SMCA\app.cpp(520,69): warning C4244: "argument": konwersja z "float" do "int", możliwa utrata danych
C:\Users\Filip\Documents\Praca\SmartHomeControl\SMCA\app.cpp(642,28): warning C4244: "argument": konwersja z "int" do "float", możliwa utrata danych
C:\Users\Filip\Documents\Praca\SmartHomeControl\SMCA\app.cpp(644,34): warning C4244: "argument": konwersja z "int" do "float", możliwa utrata danych
C:\Users\Filip\Documents\Praca\SmartHomeControl\SMCA\app.cpp(645,47): warning C4244: "argument": konwersja z "float" do "int", możliwa utrata danych
C:\Users\Filip\Documents\Praca\SmartHomeControl\SMCA\app.cpp(660,24): warning C4244: "argument": konwersja z "float" do "int", możliwa utrata danych
C:\Users\Filip\Documents\Praca\SmartHomeControl\SMCA\app.cpp(671,24): warning C4244: "argument": konwersja z "float" do "int", możliwa utrata danych
C:\Users\Filip\Documents\Praca\SmartHomeControl\SMCA\app.cpp(685,59): warning C4244: "argument": konwersja z "float" do "int", możliwa utrata danych
C:\Users\Filip\Documents\Praca\SmartHomeControl\SMCA\app.cpp(689,55): warning C4244: "argument": konwersja z "float" do "int", możliwa utrata danych
C:\Users\Filip\Documents\Praca\SmartHomeControl\SMCA\app.cpp(694,55): warning C4244: "argument": konwersja z "float" do "int", możliwa utrata danych
C:\Users\Filip\Documents\Praca\SmartHomeControl\SMCA\app.cpp(787,47): warning C4244: "argument": konwersja z "int" do "float", możliwa utrata danych
C:\Users\Filip\Documents\Praca\SmartHomeControl\SMCA\app.cpp(788,51): warning C4244: "argument": konwersja z "int" do "float", możliwa utrata danych
C:\Users\Filip\Documents\Praca\SmartHomeControl\SMCA\app.cpp(792,42): warning C4244: "argument": konwersja z "int" do "float", możliwa utrata danych
  control.cpp
  fileModule.cpp
C:\Users\Filip\Documents\Praca\SmartHomeControl\SMCA\fileModule.cpp(77,28): warning C4244: "argument": konwersja z "int" do "float", możliwa utrata danych
C:\Users\Filip\Documents\Praca\SmartHomeControl\SMCA\fileModule.cpp(78,32): warning C4244: "=": konwersja z "int" do "float", możliwa utrata danych
C:\Users\Filip\Documents\Praca\SmartHomeControl\SMCA\fileModule.cpp(79,29): warning C4244: "argument": konwersja z "int" do "float", możliwa utrata danych
  houseEnvironment.cpp
C:\Users\Filip\Documents\Praca\SmartHomeControl\SMCA\houseEnvironment.cpp(71,23): warning C4305: "=": obcięcie z "double" do "float"
C:\Users\Filip\Documents\Praca\SmartHomeControl\SMCA\houseEnvironment.cpp(75,24): warning C4305: "=": obcięcie z "double" do "float"
C:\Users\Filip\Documents\Praca\SmartHomeControl\SMCA\houseEnvironment.cpp(79,29): warning C4244: "=": konwersja z "double" do "float", możliwa utrata danych
C:\Users\Filip\Documents\Praca\SmartHomeControl\SMCA\houseEnvironment.cpp(83,29): warning C4244: "=": konwersja z "double" do "float", możliwa utrata danych
C:\Users\Filip\Documents\Praca\SmartHomeControl\SMCA\houseEnvironment.cpp(87,29): warning C4244: "=": konwersja z "double" do "float", możliwa utrata danych
C:\Users\Filip\Documents\Praca\SmartHomeControl\SMCA\houseEnvironment.cpp(141,39): warning C4244: "argument": konwersja z "int" do "float", możliwa utrata danych
C:\Users\Filip\Documents\Praca\SmartHomeControl\SMCA\houseEnvironment.cpp(145,39): warning C4244: "argument": konwersja z "int" do "float", możliwa utrata danych
C:\Users\Filip\Documents\Praca\SmartHomeControl\SMCA\houseEnvironment.cpp(149,60): warning C4244: "argument": konwersja z "int" do "float", możliwa utrata danych
C:\Users\Filip\Documents\Praca\SmartHomeControl\SMCA\houseEnvironment.cpp(208,18): warning C4244: "=": konwersja z "int" do "float", możliwa utrata danych
  indicator.cpp
  main.cpp
  sensor.cpp
  unit.cpp
C:\Users\Filip\Documents\Praca\SmartHomeControl\SMCA\unit.cpp(119,29): warning C4305: "argument": obcięcie z "double" do "float"
C:\Users\Filip\Documents\Praca\SmartHomeControl\SMCA\unit.cpp(129,30): warning C4305: "argument": obcięcie z "double" do "float"
C:\Users\Filip\Documents\Praca\SmartHomeControl\SMCA\unit.cpp(243,47): warning C4244: "argument": konwersja z "double" do "int", możliwa utrata danych
C:\Users\Filip\Documents\Praca\SmartHomeControl\SMCA\unit.cpp(253,51): warning C4244: "argument": konwersja z "float" do "int", możliwa utrata danych
  update.cpp
C:\Users\Filip\Documents\Praca\SmartHomeControl\SMCA\update.cpp(17,90): warning C4244: "argument": konwersja z "int" do "float", możliwa utrata danych
C:\Users\Filip\Documents\Praca\SmartHomeControl\SMCA\update.cpp(18,96): warning C4244: "argument": konwersja z "int" do "float", możliwa utrata danych
C:\Users\Filip\Documents\Praca\SmartHomeControl\SMCA\update.cpp(22,84): warning C4244: "argument": konwersja z "int" do "float", możliwa utrata danych
C:\Users\Filip\Documents\Praca\SmartHomeControl\SMCA\update.cpp(23,93): warning C4244: "argument": konwersja z "int" do "float", możliwa utrata danych
  Generowanie kodu...
  SMCA.vcxproj -> C:\Users\Filip\Documents\Praca\SmartHomeControl\SMCA\Debug\SMCA.exe
