C:\Program Files (x86)\Microsoft Visual Studio\2019\Community\MSBuild\Microsoft\VC\v160\Microsoft.CppBuild.targets(519,5): warning MSB8028: Katalog pośredni (Debug\) zawiera pliki udostępnione z innego projektu (TestSMCA.vcxproj). Może to spowodować niepoprawne zachowanie podczas oczyszczania i ponownej kompilacji.
  app.cpp
C:\Users\Filip\Documents\Materiały Polyspace\Przykładowe projekty do analizy\SHCA Code Prover - All checks\app.cpp(73,32): warning C4244: "argument": konwersja z "int" do "float", możliwa utrata danych
C:\Users\Filip\Documents\Materiały Polyspace\Przykładowe projekty do analizy\SHCA Code Prover - All checks\app.cpp(73,31): warning C4244: "=": konwersja z "float" do "int", możliwa utrata danych
C:\Users\Filip\Documents\Materiały Polyspace\Przykładowe projekty do analizy\SHCA Code Prover - All checks\app.cpp(188,21): warning C4244: "argument": konwersja z "float" do "int", możliwa utrata danych
C:\Users\Filip\Documents\Materiały Polyspace\Przykładowe projekty do analizy\SHCA Code Prover - All checks\app.cpp(189,21): warning C4244: "argument": konwersja z "float" do "int", możliwa utrata danych
C:\Users\Filip\Documents\Materiały Polyspace\Przykładowe projekty do analizy\SHCA Code Prover - All checks\app.cpp(310,76): warning C4244: "argument": konwersja z "float" do "int", możliwa utrata danych
C:\Users\Filip\Documents\Materiały Polyspace\Przykładowe projekty do analizy\SHCA Code Prover - All checks\app.cpp(327,31): warning C4244: "=": konwersja z "float" do "int", możliwa utrata danych
C:\Users\Filip\Documents\Materiały Polyspace\Przykładowe projekty do analizy\SHCA Code Prover - All checks\app.cpp(567,69): warning C4244: "argument": konwersja z "float" do "int", możliwa utrata danych
C:\Users\Filip\Documents\Materiały Polyspace\Przykładowe projekty do analizy\SHCA Code Prover - All checks\app.cpp(696,28): warning C4244: "argument": konwersja z "int" do "float", możliwa utrata danych
C:\Users\Filip\Documents\Materiały Polyspace\Przykładowe projekty do analizy\SHCA Code Prover - All checks\app.cpp(698,34): warning C4244: "argument": konwersja z "int" do "float", możliwa utrata danych
C:\Users\Filip\Documents\Materiały Polyspace\Przykładowe projekty do analizy\SHCA Code Prover - All checks\app.cpp(699,47): warning C4244: "argument": konwersja z "float" do "int", możliwa utrata danych
C:\Users\Filip\Documents\Materiały Polyspace\Przykładowe projekty do analizy\SHCA Code Prover - All checks\app.cpp(714,24): warning C4244: "argument": konwersja z "float" do "int", możliwa utrata danych
C:\Users\Filip\Documents\Materiały Polyspace\Przykładowe projekty do analizy\SHCA Code Prover - All checks\app.cpp(725,24): warning C4244: "argument": konwersja z "float" do "int", możliwa utrata danych
C:\Users\Filip\Documents\Materiały Polyspace\Przykładowe projekty do analizy\SHCA Code Prover - All checks\app.cpp(739,59): warning C4244: "argument": konwersja z "float" do "int", możliwa utrata danych
C:\Users\Filip\Documents\Materiały Polyspace\Przykładowe projekty do analizy\SHCA Code Prover - All checks\app.cpp(743,55): warning C4244: "argument": konwersja z "float" do "int", możliwa utrata danych
C:\Users\Filip\Documents\Materiały Polyspace\Przykładowe projekty do analizy\SHCA Code Prover - All checks\app.cpp(748,55): warning C4244: "argument": konwersja z "float" do "int", możliwa utrata danych
C:\Users\Filip\Documents\Materiały Polyspace\Przykładowe projekty do analizy\SHCA Code Prover - All checks\app.cpp(841,47): warning C4244: "argument": konwersja z "int" do "float", możliwa utrata danych
C:\Users\Filip\Documents\Materiały Polyspace\Przykładowe projekty do analizy\SHCA Code Prover - All checks\app.cpp(842,51): warning C4244: "argument": konwersja z "int" do "float", możliwa utrata danych
C:\Users\Filip\Documents\Materiały Polyspace\Przykładowe projekty do analizy\SHCA Code Prover - All checks\app.cpp(846,42): warning C4244: "argument": konwersja z "int" do "float", możliwa utrata danych
  control.cpp
  fileModule.cpp
C:\Users\Filip\Documents\Materiały Polyspace\Przykładowe projekty do analizy\SHCA Code Prover - All checks\fileModule.cpp(112,28): warning C4244: "argument": konwersja z "int" do "float", możliwa utrata danych
C:\Users\Filip\Documents\Materiały Polyspace\Przykładowe projekty do analizy\SHCA Code Prover - All checks\fileModule.cpp(113,32): warning C4244: "=": konwersja z "int" do "float", możliwa utrata danych
C:\Users\Filip\Documents\Materiały Polyspace\Przykładowe projekty do analizy\SHCA Code Prover - All checks\fileModule.cpp(114,29): warning C4244: "argument": konwersja z "int" do "float", możliwa utrata danych
  houseEnvironment.cpp
C:\Users\Filip\Documents\Materiały Polyspace\Przykładowe projekty do analizy\SHCA Code Prover - All checks\houseEnvironment.cpp(73,23): warning C4305: "=": obcięcie z "double" do "float"
C:\Users\Filip\Documents\Materiały Polyspace\Przykładowe projekty do analizy\SHCA Code Prover - All checks\houseEnvironment.cpp(77,24): warning C4305: "=": obcięcie z "double" do "float"
C:\Users\Filip\Documents\Materiały Polyspace\Przykładowe projekty do analizy\SHCA Code Prover - All checks\houseEnvironment.cpp(81,29): warning C4244: "=": konwersja z "double" do "float", możliwa utrata danych
C:\Users\Filip\Documents\Materiały Polyspace\Przykładowe projekty do analizy\SHCA Code Prover - All checks\houseEnvironment.cpp(85,29): warning C4244: "=": konwersja z "double" do "float", możliwa utrata danych
C:\Users\Filip\Documents\Materiały Polyspace\Przykładowe projekty do analizy\SHCA Code Prover - All checks\houseEnvironment.cpp(89,29): warning C4244: "=": konwersja z "double" do "float", możliwa utrata danych
C:\Users\Filip\Documents\Materiały Polyspace\Przykładowe projekty do analizy\SHCA Code Prover - All checks\houseEnvironment.cpp(144,39): warning C4244: "argument": konwersja z "int" do "float", możliwa utrata danych
C:\Users\Filip\Documents\Materiały Polyspace\Przykładowe projekty do analizy\SHCA Code Prover - All checks\houseEnvironment.cpp(148,39): warning C4244: "argument": konwersja z "int" do "float", możliwa utrata danych
C:\Users\Filip\Documents\Materiały Polyspace\Przykładowe projekty do analizy\SHCA Code Prover - All checks\houseEnvironment.cpp(152,60): warning C4244: "argument": konwersja z "int" do "float", możliwa utrata danych
C:\Users\Filip\Documents\Materiały Polyspace\Przykładowe projekty do analizy\SHCA Code Prover - All checks\houseEnvironment.cpp(211,18): warning C4244: "=": konwersja z "int" do "float", możliwa utrata danych
C:\Users\Filip\Documents\Materiały Polyspace\Przykładowe projekty do analizy\SHCA Code Prover - All checks\houseEnvironment.cpp(242,49): warning C4244: "=": konwersja z "float" do "int", możliwa utrata danych
C:\Users\Filip\Documents\Materiały Polyspace\Przykładowe projekty do analizy\SHCA Code Prover - All checks\houseEnvironment.cpp(278,20): warning C4244: "=": konwersja z "int" do "float", możliwa utrata danych
  indicator.cpp
  main.cpp
  sensor.cpp
  unit.cpp
C:\Users\Filip\Documents\Materiały Polyspace\Przykładowe projekty do analizy\SHCA Code Prover - All checks\unit.cpp(131,30): warning C4305: "argument": obcięcie z "double" do "float"
C:\Users\Filip\Documents\Materiały Polyspace\Przykładowe projekty do analizy\SHCA Code Prover - All checks\unit.cpp(245,47): warning C4244: "argument": konwersja z "double" do "int", możliwa utrata danych
C:\Users\Filip\Documents\Materiały Polyspace\Przykładowe projekty do analizy\SHCA Code Prover - All checks\unit.cpp(255,51): warning C4244: "argument": konwersja z "float" do "int", możliwa utrata danych
  update.cpp
C:\Users\Filip\Documents\Materiały Polyspace\Przykładowe projekty do analizy\SHCA Code Prover - All checks\update.cpp(18,90): warning C4244: "argument": konwersja z "int" do "float", możliwa utrata danych
C:\Users\Filip\Documents\Materiały Polyspace\Przykładowe projekty do analizy\SHCA Code Prover - All checks\update.cpp(19,96): warning C4244: "argument": konwersja z "int" do "float", możliwa utrata danych
C:\Users\Filip\Documents\Materiały Polyspace\Przykładowe projekty do analizy\SHCA Code Prover - All checks\update.cpp(23,84): warning C4244: "argument": konwersja z "int" do "float", możliwa utrata danych
C:\Users\Filip\Documents\Materiały Polyspace\Przykładowe projekty do analizy\SHCA Code Prover - All checks\update.cpp(24,93): warning C4244: "argument": konwersja z "int" do "float", możliwa utrata danych
  Generowanie kodu...
C:\Users\Filip\Documents\Materiały Polyspace\Przykładowe projekty do analizy\SHCA Code Prover - All checks\control.cpp(35): warning C4715: "Control::isControlWaiting”: niewszystkie ścieżki kodu zwracają wartość
  PolyspaceDemo.vcxproj -> C:\Users\Filip\Documents\Materiały Polyspace\Przykładowe projekty do analizy\SHCA Code Prover - All checks\Debug\PolyspaceDemo.exe
